<?xml version="1.0" encoding="UTF-8"?>
<!-- Generated by org.testng.reporters.JUnitReportReporter -->
<testsuite hostname="AA-PC" name="p2.MyTest2" tests="3" failures="0" timestamp="24 Aug 2019 06:42:34 GMT" time="0.001" errors="0">
  <testcase name="tc002" time="0.000" classname="p2.MyTest2"/>
  <testcase name="tc003" time="0.000" classname="p2.MyTest2"/>
  <testcase name="tc001" time="0.001" classname="p2.MyTest2"/>
</testsuite> <!-- p2.MyTest2 -->
