<?xml version="1.0" encoding="UTF-8"?>
<!-- Generated by org.testng.reporters.JUnitReportReporter -->
<testsuite hostname="AA-PC" name="p1.MyTest1" tests="3" failures="0" timestamp="24 Aug 2019 06:42:34 GMT" time="0.028" errors="0">
  <testcase name="tc003" time="0.006" classname="p1.MyTest1"/>
  <testcase name="tc001" time="0.021" classname="p1.MyTest1"/>
  <testcase name="tc002" time="0.001" classname="p1.MyTest1"/>
</testsuite> <!-- p1.MyTest1 -->
